<?xml version="1.0" encoding="UTF-8"?>
<testsuite name="feature.BookingsTest" time="0" tests="40" errors="0" skipped="30" failures="0">
  <properties>
    <property name="java.runtime.name" value="Java(TM) SE Runtime Environment"/>
    <property name="sun.boot.library.path" value="/Library/Java/JavaVirtualMachines/jdk1.8.0_71.jdk/Contents/Home/jre/lib"/>
    <property name="java.vm.version" value="25.71-b15"/>
    <property name="user.country.format" value="GB"/>
    <property name="gopherProxySet" value="false"/>
    <property name="java.vm.vendor" value="Oracle Corporation"/>
    <property name="maven.multiModuleProjectDirectory" value="/Users/darrenseeto/idea/Projects/SpringBootTest"/>
    <property name="java.vendor.url" value="http://java.oracle.com/"/>
    <property name="path.separator" value=":"/>
    <property name="guice.disable.misplaced.annotation.check" value="true"/>
    <property name="java.vm.name" value="Java HotSpot(TM) 64-Bit Server VM"/>
    <property name="file.encoding.pkg" value="sun.io"/>
    <property name="user.country" value="US"/>
    <property name="sun.java.launcher" value="SUN_STANDARD"/>
    <property name="sun.os.patch.level" value="unknown"/>
    <property name="java.vm.specification.name" value="Java Virtual Machine Specification"/>
    <property name="user.dir" value="/Users/darrenseeto/idea/Projects/SpringBootTest"/>
    <property name="java.runtime.version" value="1.8.0_71-b15"/>
    <property name="java.awt.graphicsenv" value="sun.awt.CGraphicsEnvironment"/>
    <property name="java.endorsed.dirs" value="/Library/Java/JavaVirtualMachines/jdk1.8.0_71.jdk/Contents/Home/jre/lib/endorsed"/>
    <property name="os.arch" value="x86_64"/>
    <property name="java.io.tmpdir" value="/var/folders/xq/kt20b9md3bv282xdf4016fx00000gn/T/"/>
    <property name="line.separator" value="&#10;"/>
    <property name="java.vm.specification.vendor" value="Oracle Corporation"/>
    <property name="os.name" value="Mac OS X"/>
    <property name="classworlds.conf" value="/usr/local/Cellar/maven/3.3.3/libexec/bin/m2.conf"/>
    <property name="sun.jnu.encoding" value="UTF-8"/>
    <property name="java.library.path" value="/Users/darrenseeto/Library/Java/Extensions:/Library/Java/Extensions:/Network/Library/Java/Extensions:/System/Library/Java/Extensions:/usr/lib/java:."/>
    <property name="java.specification.name" value="Java Platform API Specification"/>
    <property name="java.class.version" value="52.0"/>
    <property name="sun.management.compiler" value="HotSpot 64-Bit Tiered Compilers"/>
    <property name="os.version" value="10.10.3"/>
    <property name="http.nonProxyHosts" value="local|*.local|169.254/16|*.169.254/16"/>
    <property name="user.home" value="/Users/darrenseeto"/>
    <property name="user.timezone" value="Europe/London"/>
    <property name="java.awt.printerjob" value="sun.lwawt.macosx.CPrinterJob"/>
    <property name="java.specification.version" value="1.8"/>
    <property name="file.encoding" value="US-ASCII"/>
    <property name="user.name" value="darrenseeto"/>
    <property name="java.class.path" value="/usr/local/Cellar/maven/3.3.3/libexec/boot/plexus-classworlds-2.5.2.jar"/>
    <property name="java.vm.specification.version" value="1.8"/>
    <property name="sun.arch.data.model" value="64"/>
    <property name="java.home" value="/Library/Java/JavaVirtualMachines/jdk1.8.0_71.jdk/Contents/Home/jre"/>
    <property name="sun.java.command" value="org.codehaus.plexus.classworlds.launcher.Launcher test"/>
    <property name="java.specification.vendor" value="Oracle Corporation"/>
    <property name="user.language" value="en"/>
    <property name="awt.toolkit" value="sun.lwawt.macosx.LWCToolkit"/>
    <property name="java.vm.info" value="mixed mode"/>
    <property name="java.version" value="1.8.0_71"/>
    <property name="java.ext.dirs" value="/Users/darrenseeto/Library/Java/Extensions:/Library/Java/JavaVirtualMachines/jdk1.8.0_71.jdk/Contents/Home/jre/lib/ext:/Library/Java/Extensions:/Network/Library/Java/Extensions:/System/Library/Java/Extensions:/usr/lib/java"/>
    <property name="sun.boot.class.path" value="/Library/Java/JavaVirtualMachines/jdk1.8.0_71.jdk/Contents/Home/jre/lib/resources.jar:/Library/Java/JavaVirtualMachines/jdk1.8.0_71.jdk/Contents/Home/jre/lib/rt.jar:/Library/Java/JavaVirtualMachines/jdk1.8.0_71.jdk/Contents/Home/jre/lib/sunrsasign.jar:/Library/Java/JavaVirtualMachines/jdk1.8.0_71.jdk/Contents/Home/jre/lib/jsse.jar:/Library/Java/JavaVirtualMachines/jdk1.8.0_71.jdk/Contents/Home/jre/lib/jce.jar:/Library/Java/JavaVirtualMachines/jdk1.8.0_71.jdk/Contents/Home/jre/lib/charsets.jar:/Library/Java/JavaVirtualMachines/jdk1.8.0_71.jdk/Contents/Home/jre/lib/jfr.jar:/Library/Java/JavaVirtualMachines/jdk1.8.0_71.jdk/Contents/Home/jre/classes"/>
    <property name="java.vendor" value="Oracle Corporation"/>
    <property name="maven.home" value="/usr/local/Cellar/maven/3.3.3/libexec"/>
    <property name="file.separator" value="/"/>
    <property name="java.vendor.url.bug" value="http://bugreport.sun.com/bugreport/"/>
    <property name="sun.cpu.endian" value="little"/>
    <property name="sun.io.unicode.encoding" value="UnicodeBig"/>
    <property name="socksNonProxyHosts" value="local|*.local|169.254/16|*.169.254/16"/>
    <property name="ftp.nonProxyHosts" value="local|*.local|169.254/16|*.169.254/16"/>
    <property name="sun.cpu.isalist" value=""/>
  </properties>
  <testcase name="Given there is a slot available" classname="Scenario: Patient books an appointment" time="0">
    <skipped/>
    <system-out><![CDATA[18:50:52.187 [main] DEBUG org.springframework.test.context.junit4.SpringJUnit4ClassRunner - SpringJUnit4ClassRunner constructor called with [class hello.HelloControllerTest]
18:50:52.192 [main] DEBUG org.springframework.test.context.BootstrapUtils - Instantiating CacheAwareContextLoaderDelegate from class [org.springframework.test.context.cache.DefaultCacheAwareContextLoaderDelegate]
18:50:52.198 [main] DEBUG org.springframework.test.context.BootstrapUtils - Instantiating BootstrapContext using constructor [public org.springframework.test.context.support.DefaultBootstrapContext(java.lang.Class,org.springframework.test.context.CacheAwareContextLoaderDelegate)]
18:50:52.213 [main] DEBUG org.springframework.test.context.BootstrapUtils - Instantiating TestContextBootstrapper for test class [hello.HelloControllerTest] from class [org.springframework.test.context.web.WebTestContextBootstrapper]
18:50:52.244 [main] DEBUG org.springframework.test.context.web.WebTestContextBootstrapper - Found explicit ContextLoader class [org.springframework.boot.test.SpringApplicationContextLoader] for context configuration attributes [ContextConfigurationAttributes@3c7f66c4 declaringClass = 'hello.HelloControllerTest', classes = '{class org.springframework.mock.web.MockServletContext}', locations = '{}', inheritLocations = true, initializers = '{}', inheritInitializers = true, name = [null], contextLoaderClass = 'org.springframework.boot.test.SpringApplicationContextLoader']
18:50:52.255 [main] DEBUG org.springframework.test.context.support.AbstractContextLoader - Did not detect default resource location for test class [hello.HelloControllerTest]: class path resource [hello/HelloControllerTest-context.xml] does not exist
18:50:52.255 [main] DEBUG org.springframework.test.context.support.AbstractContextLoader - Did not detect default resource location for test class [hello.HelloControllerTest]: class path resource [hello/HelloControllerTestContext.groovy] does not exist
18:50:52.255 [main] INFO org.springframework.test.context.support.AbstractContextLoader - Could not detect default resource locations for test class [hello.HelloControllerTest]: no resource found for suffixes {-context.xml, Context.groovy}.
18:50:52.257 [main] DEBUG org.springframework.test.context.support.ActiveProfilesUtils - Could not find an 'annotation declaring class' for annotation type [org.springframework.test.context.ActiveProfiles] and class [hello.HelloControllerTest]
18:50:52.264 [main] DEBUG org.springframework.test.context.web.WebTestContextBootstrapper - @TestExecutionListeners is not present for class [hello.HelloControllerTest]: using defaults.
18:50:52.270 [main] INFO org.springframework.test.context.web.WebTestContextBootstrapper - Loaded default TestExecutionListener class names from location [META-INF/spring.factories]: [org.springframework.test.context.web.ServletTestExecutionListener, org.springframework.test.context.support.DirtiesContextBeforeModesTestExecutionListener, org.springframework.test.context.support.DependencyInjectionTestExecutionListener, org.springframework.test.context.support.DirtiesContextTestExecutionListener, org.springframework.test.context.transaction.TransactionalTestExecutionListener, org.springframework.test.context.jdbc.SqlScriptsTestExecutionListener]
18:50:52.274 [main] INFO org.springframework.test.context.web.WebTestContextBootstrapper - Could not instantiate TestExecutionListener [org.springframework.test.context.jdbc.SqlScriptsTestExecutionListener]. Specify custom listener classes or make the default listener classes (and their required dependencies) available. Offending class: [org/springframework/transaction/interceptor/TransactionAttribute]
18:50:52.275 [main] INFO org.springframework.test.context.web.WebTestContextBootstrapper - Could not instantiate TestExecutionListener [org.springframework.test.context.transaction.TransactionalTestExecutionListener]. Specify custom listener classes or make the default listener classes (and their required dependencies) available. Offending class: [org/springframework/transaction/interceptor/TransactionAttributeSource]
18:50:52.281 [main] INFO org.springframework.test.context.web.WebTestContextBootstrapper - Using TestExecutionListeners: [org.springframework.test.context.web.ServletTestExecutionListener@298a5e20, org.springframework.test.context.support.DirtiesContextBeforeModesTestExecutionListener@2a7f1f10, org.springframework.test.context.support.DependencyInjectionTestExecutionListener@46cdf8bd, org.springframework.test.context.support.DirtiesContextTestExecutionListener@f0c8a99]
18:50:52.333 [main] DEBUG org.springframework.test.annotation.ProfileValueUtils - Retrieved @ProfileValueSourceConfiguration [null] for test class [hello.HelloControllerTest]
18:50:52.333 [main] DEBUG org.springframework.test.annotation.ProfileValueUtils - Retrieved ProfileValueSource type [class org.springframework.test.annotation.SystemProfileValueSource] for class [hello.HelloControllerTest]
]]></system-out>
  </testcase>
  <testcase name="When a user books an appointment" classname="Scenario: Patient books an appointment" time="0">
    <skipped/>
  </testcase>
  <testcase name="Then it should be stored in the system" classname="Scenario: Patient books an appointment" time="0">
    <skipped/>
  </testcase>
  <testcase name="Scenario: Patient books an appointment" classname="Scenario: Patient books an appointment" time="0">
    <skipped/>
  </testcase>
  <testcase name="Scenario: Patient books an appointment" classname="Scenario: Patient books an appointment" time="0.006"/>
  <testcase name="Given there is a slot available and the user has a preferred time" classname="Scenario: Patient books an appointment but has other preferences" time="0">
    <skipped/>
  </testcase>
  <testcase name="When a user books an appointment" classname="Scenario: Patient books an appointment but has other preferences" time="0">
    <skipped/>
  </testcase>
  <testcase name="Then they should specify a minimum of 3 other options" classname="Scenario: Patient books an appointment but has other preferences" time="0">
    <skipped/>
  </testcase>
  <testcase name="Scenario: Patient books an appointment but has other preferences" classname="Scenario: Patient books an appointment but has other preferences" time="0">
    <skipped/>
  </testcase>
  <testcase name="Scenario: Patient books an appointment but has other preferences" classname="Scenario: Patient books an appointment but has other preferences" time="0"/>
  <testcase name="When a user specifies a specific slot as an option" classname="Scenario: A patient specifies a specific slot as an option" time="0">
    <skipped/>
  </testcase>
  <testcase name="Then the users preference should be stored" classname="Scenario: A patient specifies a specific slot as an option" time="0">
    <skipped/>
  </testcase>
  <testcase name="Scenario: A patient specifies a specific slot as an option" classname="Scenario: A patient specifies a specific slot as an option" time="0">
    <skipped/>
  </testcase>
  <testcase name="Scenario: A patient specifies a specific slot as an option" classname="Scenario: A patient specifies a specific slot as an option" time="0.001"/>
  <testcase name="When a user asks for Monday from 2pm to 5pm" classname="Scenario: A patient specifies a range that covers multiple slots on a specific day" time="0">
    <skipped/>
  </testcase>
  <testcase name="Then the users preference for a Monday slot between 2pm to 5pm  should be stored" classname="Scenario: A patient specifies a range that covers multiple slots on a specific day" time="0">
    <skipped/>
  </testcase>
  <testcase name="Scenario: A patient specifies a range that covers multiple slots on a specific day" classname="Scenario: A patient specifies a range that covers multiple slots on a specific day" time="0">
    <skipped/>
  </testcase>
  <testcase name="Scenario: A patient specifies a range that covers multiple slots on a specific day" classname="Scenario: A patient specifies a range that covers multiple slots on a specific day" time="0"/>
  <testcase name="When a user asks for any day after 5pm" classname="Scenario: A patient asks for before or after work slots" time="0">
    <skipped/>
  </testcase>
  <testcase name="Then the users preference for any slot between after 5pm on any day shoudl be stored" classname="Scenario: A patient asks for before or after work slots" time="0">
    <skipped/>
  </testcase>
  <testcase name="Scenario: A patient asks for before or after work slots" classname="Scenario: A patient asks for before or after work slots" time="0">
    <skipped/>
  </testcase>
  <testcase name="Scenario: A patient asks for before or after work slots" classname="Scenario: A patient asks for before or after work slots" time="0.002"/>
  <testcase name="Given the following users exist:" classname="Scenario: A user I want a customer who has a preference for a free slot moved" time="0">
    <skipped/>
  </testcase>
  <testcase name="And the following preferences exist:" classname="Scenario: A user I want a customer who has a preference for a free slot moved" time="0">
    <skipped/>
  </testcase>
  <testcase name="When we try to fill the free slot" classname="Scenario: A user I want a customer who has a preference for a free slot moved" time="0">
    <skipped/>
  </testcase>
  <testcase name="Then customer Darren should be moved to the free slot" classname="Scenario: A user I want a customer who has a preference for a free slot moved" time="0">
    <skipped/>
  </testcase>
  <testcase name="Scenario: A user I want a customer who has a preference for a free slot moved" classname="Scenario: A user I want a customer who has a preference for a free slot moved" time="0">
    <skipped/>
  </testcase>
  <testcase name="Scenario: A user I want a customer who has a preference for a free slot moved" classname="Scenario: A user I want a customer who has a preference for a free slot moved" time="0.001"/>
  <testcase name="Then customer A should be moved" classname="Scenario: A user I want a customer who has already been promoted to be promoted over somebody who has not." time="0">
    <skipped/>
  </testcase>
  <testcase name="Scenario: A user I want a customer who has already been promoted to be promoted over somebody who has not." classname="Scenario: A user I want a customer who has already been promoted to be promoted over somebody who has not." time="0">
    <skipped/>
  </testcase>
  <testcase name="Scenario: A user I want a customer who has already been promoted to be promoted over somebody who has not." classname="Scenario: A user I want a customer who has already been promoted to be promoted over somebody who has not." time="0"/>
  <testcase name="Then customer B should be moved" classname="Scenario: Two customers have the same preference but one has an appointment at a later date" time="0">
    <skipped/>
  </testcase>
  <testcase name="Scenario: Two customers have the same preference but one has an appointment at a later date" classname="Scenario: Two customers have the same preference but one has an appointment at a later date" time="0">
    <skipped/>
  </testcase>
  <testcase name="Scenario: Two customers have the same preference but one has an appointment at a later date" classname="Scenario: Two customers have the same preference but one has an appointment at a later date" time="0"/>
  <testcase name="Then the user can choose from a list of customers who have a prefernce for that slot" classname="Scenario: As a user I want to fill a slot with a user of my choice who has a preference for that slot" time="0">
    <skipped/>
  </testcase>
  <testcase name="Scenario: As a user I want to fill a slot with a user of my choice who has a preference for that slot" classname="Scenario: As a user I want to fill a slot with a user of my choice who has a preference for that slot" time="0">
    <skipped/>
  </testcase>
  <testcase name="Scenario: As a user I want to fill a slot with a user of my choice who has a preference for that slot" classname="Scenario: As a user I want to fill a slot with a user of my choice who has a preference for that slot" time="0"/>
  <testcase name="Then the system should consolidate customers with those preferences into that time period" classname="Scenario: A user wants to fill up all the slots within a given time period" time="0">
    <skipped/>
  </testcase>
  <testcase name="Scenario: A user wants to fill up all the slots within a given time period" classname="Scenario: A user wants to fill up all the slots within a given time period" time="0">
    <skipped/>
  </testcase>
  <testcase name="Scenario: A user wants to fill up all the slots within a given time period" classname="Scenario: A user wants to fill up all the slots within a given time period" time="0"/>
</testsuite>