<?xml version="1.0" encoding="UTF-8"?>
<testsuite name="feature.UserTest" time="0" tests="40" errors="0" skipped="30" failures="0">
  <properties>
    <property name="java.runtime.name" value="Java(TM) SE Runtime Environment"/>
    <property name="sun.boot.library.path" value="/Library/Java/JavaVirtualMachines/jdk1.8.0_71.jdk/Contents/Home/jre/lib"/>
    <property name="java.vm.version" value="25.71-b15"/>
    <property name="user.country.format" value="GB"/>
    <property name="gopherProxySet" value="false"/>
    <property name="java.vm.vendor" value="Oracle Corporation"/>
    <property name="maven.multiModuleProjectDirectory" value="/Users/darrenseeto/idea/Projects/SpringBootTest"/>
    <property name="java.vendor.url" value="http://java.oracle.com/"/>
    <property name="path.separator" value=":"/>
    <property name="guice.disable.misplaced.annotation.check" value="true"/>
    <property name="java.vm.name" value="Java HotSpot(TM) 64-Bit Server VM"/>
    <property name="file.encoding.pkg" value="sun.io"/>
    <property name="user.country" value="US"/>
    <property name="sun.java.launcher" value="SUN_STANDARD"/>
    <property name="sun.os.patch.level" value="unknown"/>
    <property name="java.vm.specification.name" value="Java Virtual Machine Specification"/>
    <property name="user.dir" value="/Users/darrenseeto/idea/Projects/SpringBootTest"/>
    <property name="java.runtime.version" value="1.8.0_71-b15"/>
    <property name="java.awt.graphicsenv" value="sun.awt.CGraphicsEnvironment"/>
    <property name="java.endorsed.dirs" value="/Library/Java/JavaVirtualMachines/jdk1.8.0_71.jdk/Contents/Home/jre/lib/endorsed"/>
    <property name="os.arch" value="x86_64"/>
    <property name="java.io.tmpdir" value="/var/folders/xq/kt20b9md3bv282xdf4016fx00000gn/T/"/>
    <property name="line.separator" value="&#10;"/>
    <property name="java.vm.specification.vendor" value="Oracle Corporation"/>
    <property name="os.name" value="Mac OS X"/>
    <property name="classworlds.conf" value="/usr/local/Cellar/maven/3.3.3/libexec/bin/m2.conf"/>
    <property name="sun.jnu.encoding" value="UTF-8"/>
    <property name="java.library.path" value="/Users/darrenseeto/Library/Java/Extensions:/Library/Java/Extensions:/Network/Library/Java/Extensions:/System/Library/Java/Extensions:/usr/lib/java:."/>
    <property name="java.specification.name" value="Java Platform API Specification"/>
    <property name="java.class.version" value="52.0"/>
    <property name="sun.management.compiler" value="HotSpot 64-Bit Tiered Compilers"/>
    <property name="os.version" value="10.10.3"/>
    <property name="http.nonProxyHosts" value="local|*.local|169.254/16|*.169.254/16"/>
    <property name="user.home" value="/Users/darrenseeto"/>
    <property name="user.timezone" value="Europe/London"/>
    <property name="java.awt.printerjob" value="sun.lwawt.macosx.CPrinterJob"/>
    <property name="java.specification.version" value="1.8"/>
    <property name="file.encoding" value="US-ASCII"/>
    <property name="user.name" value="darrenseeto"/>
    <property name="java.class.path" value="/usr/local/Cellar/maven/3.3.3/libexec/boot/plexus-classworlds-2.5.2.jar"/>
    <property name="java.vm.specification.version" value="1.8"/>
    <property name="sun.arch.data.model" value="64"/>
    <property name="java.home" value="/Library/Java/JavaVirtualMachines/jdk1.8.0_71.jdk/Contents/Home/jre"/>
    <property name="sun.java.command" value="org.codehaus.plexus.classworlds.launcher.Launcher test"/>
    <property name="java.specification.vendor" value="Oracle Corporation"/>
    <property name="user.language" value="en"/>
    <property name="awt.toolkit" value="sun.lwawt.macosx.LWCToolkit"/>
    <property name="java.vm.info" value="mixed mode"/>
    <property name="java.version" value="1.8.0_71"/>
    <property name="java.ext.dirs" value="/Users/darrenseeto/Library/Java/Extensions:/Library/Java/JavaVirtualMachines/jdk1.8.0_71.jdk/Contents/Home/jre/lib/ext:/Library/Java/Extensions:/Network/Library/Java/Extensions:/System/Library/Java/Extensions:/usr/lib/java"/>
    <property name="sun.boot.class.path" value="/Library/Java/JavaVirtualMachines/jdk1.8.0_71.jdk/Contents/Home/jre/lib/resources.jar:/Library/Java/JavaVirtualMachines/jdk1.8.0_71.jdk/Contents/Home/jre/lib/rt.jar:/Library/Java/JavaVirtualMachines/jdk1.8.0_71.jdk/Contents/Home/jre/lib/sunrsasign.jar:/Library/Java/JavaVirtualMachines/jdk1.8.0_71.jdk/Contents/Home/jre/lib/jsse.jar:/Library/Java/JavaVirtualMachines/jdk1.8.0_71.jdk/Contents/Home/jre/lib/jce.jar:/Library/Java/JavaVirtualMachines/jdk1.8.0_71.jdk/Contents/Home/jre/lib/charsets.jar:/Library/Java/JavaVirtualMachines/jdk1.8.0_71.jdk/Contents/Home/jre/lib/jfr.jar:/Library/Java/JavaVirtualMachines/jdk1.8.0_71.jdk/Contents/Home/jre/classes"/>
    <property name="java.vendor" value="Oracle Corporation"/>
    <property name="maven.home" value="/usr/local/Cellar/maven/3.3.3/libexec"/>
    <property name="file.separator" value="/"/>
    <property name="java.vendor.url.bug" value="http://bugreport.sun.com/bugreport/"/>
    <property name="sun.cpu.endian" value="little"/>
    <property name="sun.io.unicode.encoding" value="UnicodeBig"/>
    <property name="socksNonProxyHosts" value="local|*.local|169.254/16|*.169.254/16"/>
    <property name="ftp.nonProxyHosts" value="local|*.local|169.254/16|*.169.254/16"/>
    <property name="sun.cpu.isalist" value=""/>
  </properties>
  <testcase name="Given there is a slot available" classname="Scenario: Patient books an appointment" time="0">
    <skipped/>
    <system-out><![CDATA[
10 Scenarios (&amp#27;[33m10 undefined&amp#27;[0m)
20 Steps (&amp#27;[33m20 undefined&amp#27;[0m)
0m0.000s


You can implement missing steps with the snippets below:

Given("^there is a slot available$", () -> {
    // Write code here that turns the phrase above into concrete actions
    throw new PendingException();
});

When("^a user books an appointment$", () -> {
    // Write code here that turns the phrase above into concrete actions
    throw new PendingException();
});

Then("^it should be stored in the system$", () -> {
    // Write code here that turns the phrase above into concrete actions
    throw new PendingException();
});

Given("^there is a slot available and the user has a preferred time$", () -> {
    // Write code here that turns the phrase above into concrete actions
    throw new PendingException();
});

Then("^they should specify a minimum of (\\d+) other options$", (Integer arg1) -> {
    // Write code here that turns the phrase above into concrete actions
    throw new PendingException();
});

When("^a user specifies a specific slot as an option$", () -> {
    // Write code here that turns the phrase above into concrete actions
    throw new PendingException();
});

Then("^the users preference should be stored$", () -> {
    // Write code here that turns the phrase above into concrete actions
    throw new PendingException();
});

When("^a user asks for Monday from (\\d+)pm to (\\d+)pm$", (Integer arg1, Integer arg2) -> {
    // Write code here that turns the phrase above into concrete actions
    throw new PendingException();
});

Then("^the users preference for a Monday slot between (\\d+)pm to (\\d+)pm  should be stored$", (Integer arg1, Integer arg2) -> {
    // Write code here that turns the phrase above into concrete actions
    throw new PendingException();
});

When("^a user asks for any day after (\\d+)pm$", (Integer arg1) -> {
    // Write code here that turns the phrase above into concrete actions
    throw new PendingException();
});

Then("^the users preference for any slot between after (\\d+)pm on any day shoudl be stored$", (Integer arg1) -> {
    // Write code here that turns the phrase above into concrete actions
    throw new PendingException();
});

Given("^the following users exist:$", (DataTable arg1) -> {
    // Write code here that turns the phrase above into concrete actions
    // For automatic transformation, change DataTable to one of
    // List<YourType>, List<List<E>>, List<Map<K,V>> or Map<K,V>.
    // E,K,V must be a scalar (String, Integer, Date, enum etc)
    throw new PendingException();
});

Given("^the following preferences exist:$", (DataTable arg1) -> {
    // Write code here that turns the phrase above into concrete actions
    // For automatic transformation, change DataTable to one of
    // List<YourType>, List<List<E>>, List<Map<K,V>> or Map<K,V>.
    // E,K,V must be a scalar (String, Integer, Date, enum etc)
    throw new PendingException();
});

When("^we try to fill the free slot$", () -> {
    // Write code here that turns the phrase above into concrete actions
    throw new PendingException();
});

Then("^customer Darren should be moved to the free slot$", () -> {
    // Write code here that turns the phrase above into concrete actions
    throw new PendingException();
});

Then("^customer A should be moved$", () -> {
    // Write code here that turns the phrase above into concrete actions
    throw new PendingException();
});

Then("^customer B should be moved$", () -> {
    // Write code here that turns the phrase above into concrete actions
    throw new PendingException();
});

Then("^the user can choose from a list of customers who have a prefernce for that slot$", () -> {
    // Write code here that turns the phrase above into concrete actions
    throw new PendingException();
});

Then("^the system should consolidate customers with those preferences into that time period$", () -> {
    // Write code here that turns the phrase above into concrete actions
    throw new PendingException();
});

]]></system-out>
  </testcase>
  <testcase name="When a user books an appointment" classname="Scenario: Patient books an appointment" time="0">
    <skipped/>
  </testcase>
  <testcase name="Then it should be stored in the system" classname="Scenario: Patient books an appointment" time="0">
    <skipped/>
  </testcase>
  <testcase name="Scenario: Patient books an appointment" classname="Scenario: Patient books an appointment" time="0">
    <skipped/>
  </testcase>
  <testcase name="Scenario: Patient books an appointment" classname="Scenario: Patient books an appointment" time="0"/>
  <testcase name="Given there is a slot available and the user has a preferred time" classname="Scenario: Patient books an appointment but has other preferences" time="0">
    <skipped/>
  </testcase>
  <testcase name="When a user books an appointment" classname="Scenario: Patient books an appointment but has other preferences" time="0">
    <skipped/>
  </testcase>
  <testcase name="Then they should specify a minimum of 3 other options" classname="Scenario: Patient books an appointment but has other preferences" time="0">
    <skipped/>
  </testcase>
  <testcase name="Scenario: Patient books an appointment but has other preferences" classname="Scenario: Patient books an appointment but has other preferences" time="0">
    <skipped/>
  </testcase>
  <testcase name="Scenario: Patient books an appointment but has other preferences" classname="Scenario: Patient books an appointment but has other preferences" time="0.001"/>
  <testcase name="When a user specifies a specific slot as an option" classname="Scenario: A patient specifies a specific slot as an option" time="0">
    <skipped/>
  </testcase>
  <testcase name="Then the users preference should be stored" classname="Scenario: A patient specifies a specific slot as an option" time="0">
    <skipped/>
  </testcase>
  <testcase name="Scenario: A patient specifies a specific slot as an option" classname="Scenario: A patient specifies a specific slot as an option" time="0">
    <skipped/>
  </testcase>
  <testcase name="Scenario: A patient specifies a specific slot as an option" classname="Scenario: A patient specifies a specific slot as an option" time="0"/>
  <testcase name="When a user asks for Monday from 2pm to 5pm" classname="Scenario: A patient specifies a range that covers multiple slots on a specific day" time="0">
    <skipped/>
  </testcase>
  <testcase name="Then the users preference for a Monday slot between 2pm to 5pm  should be stored" classname="Scenario: A patient specifies a range that covers multiple slots on a specific day" time="0">
    <skipped/>
  </testcase>
  <testcase name="Scenario: A patient specifies a range that covers multiple slots on a specific day" classname="Scenario: A patient specifies a range that covers multiple slots on a specific day" time="0">
    <skipped/>
  </testcase>
  <testcase name="Scenario: A patient specifies a range that covers multiple slots on a specific day" classname="Scenario: A patient specifies a range that covers multiple slots on a specific day" time="0"/>
  <testcase name="When a user asks for any day after 5pm" classname="Scenario: A patient asks for before or after work slots" time="0">
    <skipped/>
  </testcase>
  <testcase name="Then the users preference for any slot between after 5pm on any day shoudl be stored" classname="Scenario: A patient asks for before or after work slots" time="0">
    <skipped/>
  </testcase>
  <testcase name="Scenario: A patient asks for before or after work slots" classname="Scenario: A patient asks for before or after work slots" time="0">
    <skipped/>
  </testcase>
  <testcase name="Scenario: A patient asks for before or after work slots" classname="Scenario: A patient asks for before or after work slots" time="0"/>
  <testcase name="Given the following users exist:" classname="Scenario: A user I want a customer who has a preference for a free slot moved" time="0">
    <skipped/>
  </testcase>
  <testcase name="And the following preferences exist:" classname="Scenario: A user I want a customer who has a preference for a free slot moved" time="0">
    <skipped/>
  </testcase>
  <testcase name="When we try to fill the free slot" classname="Scenario: A user I want a customer who has a preference for a free slot moved" time="0">
    <skipped/>
  </testcase>
  <testcase name="Then customer Darren should be moved to the free slot" classname="Scenario: A user I want a customer who has a preference for a free slot moved" time="0">
    <skipped/>
  </testcase>
  <testcase name="Scenario: A user I want a customer who has a preference for a free slot moved" classname="Scenario: A user I want a customer who has a preference for a free slot moved" time="0">
    <skipped/>
  </testcase>
  <testcase name="Scenario: A user I want a customer who has a preference for a free slot moved" classname="Scenario: A user I want a customer who has a preference for a free slot moved" time="0.001"/>
  <testcase name="Then customer A should be moved" classname="Scenario: A user I want a customer who has already been promoted to be promoted over somebody who has not." time="0">
    <skipped/>
  </testcase>
  <testcase name="Scenario: A user I want a customer who has already been promoted to be promoted over somebody who has not." classname="Scenario: A user I want a customer who has already been promoted to be promoted over somebody who has not." time="0">
    <skipped/>
  </testcase>
  <testcase name="Scenario: A user I want a customer who has already been promoted to be promoted over somebody who has not." classname="Scenario: A user I want a customer who has already been promoted to be promoted over somebody who has not." time="0"/>
  <testcase name="Then customer B should be moved" classname="Scenario: Two customers have the same preference but one has an appointment at a later date" time="0">
    <skipped/>
  </testcase>
  <testcase name="Scenario: Two customers have the same preference but one has an appointment at a later date" classname="Scenario: Two customers have the same preference but one has an appointment at a later date" time="0">
    <skipped/>
  </testcase>
  <testcase name="Scenario: Two customers have the same preference but one has an appointment at a later date" classname="Scenario: Two customers have the same preference but one has an appointment at a later date" time="0"/>
  <testcase name="Then the user can choose from a list of customers who have a prefernce for that slot" classname="Scenario: As a user I want to fill a slot with a user of my choice who has a preference for that slot" time="0">
    <skipped/>
  </testcase>
  <testcase name="Scenario: As a user I want to fill a slot with a user of my choice who has a preference for that slot" classname="Scenario: As a user I want to fill a slot with a user of my choice who has a preference for that slot" time="0">
    <skipped/>
  </testcase>
  <testcase name="Scenario: As a user I want to fill a slot with a user of my choice who has a preference for that slot" classname="Scenario: As a user I want to fill a slot with a user of my choice who has a preference for that slot" time="0"/>
  <testcase name="Then the system should consolidate customers with those preferences into that time period" classname="Scenario: A user wants to fill up all the slots within a given time period" time="0">
    <skipped/>
  </testcase>
  <testcase name="Scenario: A user wants to fill up all the slots within a given time period" classname="Scenario: A user wants to fill up all the slots within a given time period" time="0">
    <skipped/>
  </testcase>
  <testcase name="Scenario: A user wants to fill up all the slots within a given time period" classname="Scenario: A user wants to fill up all the slots within a given time period" time="0.001"/>
</testsuite>